<?xml version="1.0" encoding="UTF-8"?>
<!-- Generated by org.testng.reporters.JUnitReportReporter -->
<testsuite hostname="SOUBHAGYA-PC" failures="0" tests="1" name="cucumberOptions.TestRunner2" time="25.619" errors="0" timestamp="2022-01-25T23:05:49 IST" skipped="0">
  <testcase classname="cucumberOptions.TestRunner2" name="runScenario" time="25.619"/>
  <system-out/>
</testsuite> <!-- cucumberOptions.TestRunner2 -->
