<?xml version="1.0" encoding="UTF-8"?>
<!-- Generated by org.testng.reporters.JUnitReportReporter -->
<testsuite hostname="SOUBHAGYA-PC" failures="0" tests="1" name="E2EDemoTesting.validateNavigationBar" time="4.202" errors="0" timestamp="2022-01-24T12:50:07 IST" skipped="0">
  <testcase classname="E2EDemoTesting.validateNavigationBar" name="basePageNavigation" time="4.202"/>
  <system-out>
    <![CDATA[Navigate Bar is displayed]]>
  </system-out>
</testsuite> <!-- E2EDemoTesting.validateNavigationBar -->
