<?xml version="1.0" encoding="UTF-8"?>
<!-- Generated by org.testng.reporters.JUnitReportReporter -->
<testsuite hostname="SOUBHAGYA-PC" failures="0" tests="1" name="E2EDemoTesting.validateNavigationBar" time="1.490" errors="0" timestamp="22 Jan 2022 13:32:50 GMT">
  <testcase classname="E2EDemoTesting.validateNavigationBar" name="basePageNavigation" time="1.490"/>
</testsuite> <!-- E2EDemoTesting.validateNavigationBar -->
